<?xml version="1.0" encoding="UTF-8"?>
<testsuite xmlns:xsi="http://www.w3.org/2001/XMLSchema-instance" xsi:noNamespaceSchemaLocation="https://maven.apache.org/surefire/maven-surefire-plugin/xsd/surefire-test-report-3.0.xsd" version="3.0" name="tasktree.spi.TaskTest" time="7.019" tests="1" errors="0" skipped="0" failures="0">
  <properties>
    <property name="java.specification.version" value="17"/>
    <property name="test.url" value="http://localhost:8081"/>
    <property name="sun.jnu.encoding" value="UTF-8"/>
    <property name="java.class.path" value="/home/jufaerma/code/task-tree/target/test-classes:/home/jufaerma/code/task-tree/target/classes:/home/jufaerma/.m2/repository/io/quarkus/quarkus-arc/2.7.2.Final/quarkus-arc-2.7.2.Final.jar:/home/jufaerma/.m2/repository/io/quarkus/arc/arc/2.7.2.Final/arc-2.7.2.Final.jar:/home/jufaerma/.m2/repository/jakarta/enterprise/jakarta.enterprise.cdi-api/2.0.2/jakarta.enterprise.cdi-api-2.0.2.jar:/home/jufaerma/.m2/repository/jakarta/el/jakarta.el-api/3.0.3/jakarta.el-api-3.0.3.jar:/home/jufaerma/.m2/repository/jakarta/interceptor/jakarta.interceptor-api/1.2.5/jakarta.interceptor-api-1.2.5.jar:/home/jufaerma/.m2/repository/jakarta/annotation/jakarta.annotation-api/1.3.5/jakarta.annotation-api-1.3.5.jar:/home/jufaerma/.m2/repository/jakarta/transaction/jakarta.transaction-api/1.3.3/jakarta.transaction-api-1.3.3.jar:/home/jufaerma/.m2/repository/org/jboss/logging/jboss-logging/3.4.3.Final/jboss-logging-3.4.3.Final.jar:/home/jufaerma/.m2/repository/io/quarkus/quarkus-core/2.7.2.Final/quarkus-core-2.7.2.Final.jar:/home/jufaerma/.m2/repository/jakarta/inject/jakarta.inject-api/1.0/jakarta.inject-api-1.0.jar:/home/jufaerma/.m2/repository/io/quarkus/quarkus-ide-launcher/2.7.2.Final/quarkus-ide-launcher-2.7.2.Final.jar:/home/jufaerma/.m2/repository/io/quarkus/quarkus-development-mode-spi/2.7.2.Final/quarkus-development-mode-spi-2.7.2.Final.jar:/home/jufaerma/.m2/repository/io/smallrye/config/smallrye-config/2.9.0/smallrye-config-2.9.0.jar:/home/jufaerma/.m2/repository/io/smallrye/config/smallrye-config-core/2.9.0/smallrye-config-core-2.9.0.jar:/home/jufaerma/.m2/repository/io/smallrye/common/smallrye-common-annotation/1.10.0/smallrye-common-annotation-1.10.0.jar:/home/jufaerma/.m2/repository/io/smallrye/common/smallrye-common-expression/1.10.0/smallrye-common-expression-1.10.0.jar:/home/jufaerma/.m2/repository/io/smallrye/common/smallrye-common-function/1.10.0/smallrye-common-function-1.10.0.jar:/home/jufaerma/.m2/repository/org/jboss/logmanager/jboss-logmanager-embedded/1.0.9/jboss-logmanager-embedded-1.0.9.jar:/home/jufaerma/.m2/repository/org/jboss/logging/jboss-logging-annotations/2.2.1.Final/jboss-logging-annotations-2.2.1.Final.jar:/home/jufaerma/.m2/repository/org/jboss/threads/jboss-threads/3.4.2.Final/jboss-threads-3.4.2.Final.jar:/home/jufaerma/.m2/repository/org/slf4j/slf4j-api/1.7.33/slf4j-api-1.7.33.jar:/home/jufaerma/.m2/repository/org/jboss/slf4j/slf4j-jboss-logmanager/1.1.0.Final/slf4j-jboss-logmanager-1.1.0.Final.jar:/home/jufaerma/.m2/repository/org/graalvm/sdk/graal-sdk/21.3.1/graal-sdk-21.3.1.jar:/home/jufaerma/.m2/repository/org/wildfly/common/wildfly-common/1.5.4.Final-format-001/wildfly-common-1.5.4.Final-format-001.jar:/home/jufaerma/.m2/repository/io/quarkus/quarkus-bootstrap-runner/2.7.2.Final/quarkus-bootstrap-runner-2.7.2.Final.jar:/home/jufaerma/.m2/repository/io/quarkus/quarkus-fs-util/0.0.9/quarkus-fs-util-0.0.9.jar:/home/jufaerma/.m2/repository/org/eclipse/microprofile/context-propagation/microprofile-context-propagation-api/1.2/microprofile-context-propagation-api-1.2.jar:/home/jufaerma/.m2/repository/io/quarkus/quarkus-config-yaml/2.7.2.Final/quarkus-config-yaml-2.7.2.Final.jar:/home/jufaerma/.m2/repository/io/smallrye/config/smallrye-config-source-yaml/2.9.0/smallrye-config-source-yaml-2.9.0.jar:/home/jufaerma/.m2/repository/org/yaml/snakeyaml/1.30/snakeyaml-1.30.jar:/home/jufaerma/.m2/repository/io/smallrye/config/smallrye-config-common/2.9.0/smallrye-config-common-2.9.0.jar:/home/jufaerma/.m2/repository/io/smallrye/common/smallrye-common-classloader/1.10.0/smallrye-common-classloader-1.10.0.jar:/home/jufaerma/.m2/repository/io/smallrye/common/smallrye-common-constraint/1.10.0/smallrye-common-constraint-1.10.0.jar:/home/jufaerma/.m2/repository/org/eclipse/microprofile/config/microprofile-config-api/2.0/microprofile-config-api-2.0.jar:/home/jufaerma/.m2/repository/io/quarkus/quarkus-junit5/2.7.2.Final/quarkus-junit5-2.7.2.Final.jar:/home/jufaerma/.m2/repository/io/quarkus/quarkus-bootstrap-core/2.7.2.Final/quarkus-bootstrap-core-2.7.2.Final.jar:/home/jufaerma/.m2/repository/io/quarkus/quarkus-bootstrap-app-model/2.7.2.Final/quarkus-bootstrap-app-model-2.7.2.Final.jar:/home/jufaerma/.m2/repository/io/quarkus/quarkus-bootstrap-maven-resolver/2.7.2.Final/quarkus-bootstrap-maven-resolver-2.7.2.Final.jar:/home/jufaerma/.m2/repository/org/apache/maven/maven-embedder/3.8.4/maven-embedder-3.8.4.jar:/home/jufaerma/.m2/repository/org/apache/maven/maven-settings/3.8.4/maven-settings-3.8.4.jar:/home/jufaerma/.m2/repository/org/apache/maven/maven-core/3.8.4/maven-core-3.8.4.jar:/home/jufaerma/.m2/repository/org/apache/maven/maven-artifact/3.8.4/maven-artifact-3.8.4.jar:/home/jufaerma/.m2/repository/org/codehaus/plexus/plexus-component-annotations/2.1.0/plexus-component-annotations-2.1.0.jar:/home/jufaerma/.m2/repository/org/apache/maven/maven-plugin-api/3.8.4/maven-plugin-api-3.8.4.jar:/home/jufaerma/.m2/repository/org/apache/maven/maven-model/3.8.4/maven-model-3.8.4.jar:/home/jufaerma/.m2/repository/org/apache/maven/maven-model-builder/3.8.4/maven-model-builder-3.8.4.jar:/home/jufaerma/.m2/repository/org/apache/maven/maven-builder-support/3.8.4/maven-builder-support-3.8.4.jar:/home/jufaerma/.m2/repository/org/apache/maven/resolver/maven-resolver-api/1.6.3/maven-resolver-api-1.6.3.jar:/home/jufaerma/.m2/repository/org/apache/maven/resolver/maven-resolver-util/1.6.3/maven-resolver-util-1.6.3.jar:/home/jufaerma/.m2/repository/org/apache/maven/shared/maven-shared-utils/3.3.4/maven-shared-utils-3.3.4.jar:/home/jufaerma/.m2/repository/commons-io/commons-io/2.11.0/commons-io-2.11.0.jar:/home/jufaerma/.m2/repository/com/google/inject/guice/4.2.2/guice-4.2.2-no_aop.jar:/home/jufaerma/.m2/repository/com/google/guava/guava/30.1.1-jre/guava-30.1.1-jre.jar:/home/jufaerma/.m2/repository/com/google/guava/failureaccess/1.0.1/failureaccess-1.0.1.jar:/home/jufaerma/.m2/repository/org/codehaus/plexus/plexus-classworlds/2.6.0/plexus-classworlds-2.6.0.jar:/home/jufaerma/.m2/repository/org/codehaus/plexus/plexus-sec-dispatcher/2.0/plexus-sec-dispatcher-2.0.jar:/home/jufaerma/.m2/repository/org/codehaus/plexus/plexus-cipher/2.0/plexus-cipher-2.0.jar:/home/jufaerma/.m2/repository/commons-cli/commons-cli/1.4/commons-cli-1.4.jar:/home/jufaerma/.m2/repository/org/eclipse/sisu/org.eclipse.sisu.plexus/0.3.5/org.eclipse.sisu.plexus-0.3.5.jar:/home/jufaerma/.m2/repository/org/apache/maven/maven-settings-builder/3.8.4/maven-settings-builder-3.8.4.jar:/home/jufaerma/.m2/repository/org/codehaus/plexus/plexus-interpolation/1.26/plexus-interpolation-1.26.jar:/home/jufaerma/.m2/repository/org/apache/maven/maven-resolver-provider/3.8.4/maven-resolver-provider-3.8.4.jar:/home/jufaerma/.m2/repository/org/apache/maven/maven-repository-metadata/3.8.4/maven-repository-metadata-3.8.4.jar:/home/jufaerma/.m2/repository/org/apache/maven/resolver/maven-resolver-spi/1.6.3/maven-resolver-spi-1.6.3.jar:/home/jufaerma/.m2/repository/org/apache/maven/resolver/maven-resolver-impl/1.6.3/maven-resolver-impl-1.6.3.jar:/home/jufaerma/.m2/repository/org/codehaus/plexus/plexus-utils/3.3.0/plexus-utils-3.3.0.jar:/home/jufaerma/.m2/repository/org/apache/maven/resolver/maven-resolver-connector-basic/1.6.3/maven-resolver-connector-basic-1.6.3.jar:/home/jufaerma/.m2/repository/org/apache/maven/resolver/maven-resolver-transport-wagon/1.6.3/maven-resolver-transport-wagon-1.6.3.jar:/home/jufaerma/.m2/repository/org/apache/maven/wagon/wagon-http/3.4.3/wagon-http-3.4.3.jar:/home/jufaerma/.m2/repository/org/apache/maven/wagon/wagon-http-shared/3.4.3/wagon-http-shared-3.4.3.jar:/home/jufaerma/.m2/repository/org/jsoup/jsoup/1.14.2/jsoup-1.14.2.jar:/home/jufaerma/.m2/repository/org/apache/maven/wagon/wagon-provider-api/3.4.3/wagon-provider-api-3.4.3.jar:/home/jufaerma/.m2/repository/org/apache/maven/wagon/wagon-file/3.4.3/wagon-file-3.4.3.jar:/home/jufaerma/.m2/repository/io/quarkus/quarkus-bootstrap-gradle-resolver/2.7.2.Final/quarkus-bootstrap-gradle-resolver-2.7.2.Final.jar:/home/jufaerma/.m2/repository/io/smallrye/common/smallrye-common-io/1.10.0/smallrye-common-io-1.10.0.jar:/home/jufaerma/.m2/repository/org/eclipse/sisu/org.eclipse.sisu.inject/0.3.5/org.eclipse.sisu.inject-0.3.5.jar:/home/jufaerma/.m2/repository/io/quarkus/quarkus-test-common/2.7.2.Final/quarkus-test-common-2.7.2.Final.jar:/home/jufaerma/.m2/repository/io/quarkus/quarkus-core-deployment/2.7.2.Final/quarkus-core-deployment-2.7.2.Final.jar:/home/jufaerma/.m2/repository/org/aesh/readline/2.2/readline-2.2.jar:/home/jufaerma/.m2/repository/org/fusesource/jansi/jansi/1.18/jansi-1.18.jar:/home/jufaerma/.m2/repository/org/aesh/aesh/2.6/aesh-2.6.jar:/home/jufaerma/.m2/repository/io/quarkus/gizmo/gizmo/1.0.10.Final/gizmo-1.0.10.Final.jar:/home/jufaerma/.m2/repository/org/ow2/asm/asm-util/9.2/asm-util-9.2.jar:/home/jufaerma/.m2/repository/org/ow2/asm/asm/9.2/asm-9.2.jar:/home/jufaerma/.m2/repository/org/ow2/asm/asm-commons/9.2/asm-commons-9.2.jar:/home/jufaerma/.m2/repository/org/ow2/asm/asm-tree/9.2/asm-tree-9.2.jar:/home/jufaerma/.m2/repository/org/ow2/asm/asm-analysis/9.2/asm-analysis-9.2.jar:/home/jufaerma/.m2/repository/io/quarkus/quarkus-class-change-agent/2.7.2.Final/quarkus-class-change-agent-2.7.2.Final.jar:/home/jufaerma/.m2/repository/io/quarkus/quarkus-devtools-utilities/2.7.2.Final/quarkus-devtools-utilities-2.7.2.Final.jar:/home/jufaerma/.m2/repository/io/quarkus/quarkus-builder/2.7.2.Final/quarkus-builder-2.7.2.Final.jar:/home/jufaerma/.m2/repository/org/junit/platform/junit-platform-launcher/1.8.2/junit-platform-launcher-1.8.2.jar:/home/jufaerma/.m2/repository/io/quarkus/quarkus-jsonp-deployment/2.7.2.Final/quarkus-jsonp-deployment-2.7.2.Final.jar:/home/jufaerma/.m2/repository/io/quarkus/quarkus-jsonp/2.7.2.Final/quarkus-jsonp-2.7.2.Final.jar:/home/jufaerma/.m2/repository/org/glassfish/jakarta.json/1.1.6/jakarta.json-1.1.6.jar:/home/jufaerma/.m2/repository/org/jboss/jandex/2.4.2.Final/jandex-2.4.2.Final.jar:/home/jufaerma/.m2/repository/org/jboss/logging/commons-logging-jboss-logging/1.0.0.Final/commons-logging-jboss-logging-1.0.0.Final.jar:/home/jufaerma/.m2/repository/io/quarkus/quarkus-junit5-properties/2.7.2.Final/quarkus-junit5-properties-2.7.2.Final.jar:/home/jufaerma/.m2/repository/org/junit/jupiter/junit-jupiter/5.8.2/junit-jupiter-5.8.2.jar:/home/jufaerma/.m2/repository/org/junit/jupiter/junit-jupiter-api/5.8.2/junit-jupiter-api-5.8.2.jar:/home/jufaerma/.m2/repository/org/opentest4j/opentest4j/1.2.0/opentest4j-1.2.0.jar:/home/jufaerma/.m2/repository/org/junit/platform/junit-platform-commons/1.8.2/junit-platform-commons-1.8.2.jar:/home/jufaerma/.m2/repository/org/apiguardian/apiguardian-api/1.1.2/apiguardian-api-1.1.2.jar:/home/jufaerma/.m2/repository/org/junit/jupiter/junit-jupiter-params/5.8.2/junit-jupiter-params-5.8.2.jar:/home/jufaerma/.m2/repository/org/junit/jupiter/junit-jupiter-engine/5.8.2/junit-jupiter-engine-5.8.2.jar:/home/jufaerma/.m2/repository/org/junit/platform/junit-platform-engine/1.8.2/junit-platform-engine-1.8.2.jar:/home/jufaerma/.m2/repository/com/thoughtworks/xstream/xstream/1.4.19/xstream-1.4.19.jar:/home/jufaerma/.m2/repository/io/github/x-stream/mxparser/1.2.2/mxparser-1.2.2.jar:/home/jufaerma/.m2/repository/xmlpull/xmlpull/1.1.3.1/xmlpull-1.1.3.1.jar:/home/jufaerma/.m2/repository/io/rest-assured/rest-assured/4.4.0/rest-assured-4.4.0.jar:/home/jufaerma/.m2/repository/org/codehaus/groovy/groovy/3.0.8/groovy-3.0.8.jar:/home/jufaerma/.m2/repository/org/codehaus/groovy/groovy-xml/3.0.8/groovy-xml-3.0.8.jar:/home/jufaerma/.m2/repository/org/apache/httpcomponents/httpclient/4.5.13/httpclient-4.5.13.jar:/home/jufaerma/.m2/repository/org/apache/httpcomponents/httpcore/4.4.15/httpcore-4.4.15.jar:/home/jufaerma/.m2/repository/commons-codec/commons-codec/1.15/commons-codec-1.15.jar:/home/jufaerma/.m2/repository/org/apache/httpcomponents/httpmime/4.5.13/httpmime-4.5.13.jar:/home/jufaerma/.m2/repository/org/hamcrest/hamcrest/2.1/hamcrest-2.1.jar:/home/jufaerma/.m2/repository/org/ccil/cowan/tagsoup/tagsoup/1.2.1/tagsoup-1.2.1.jar:/home/jufaerma/.m2/repository/io/rest-assured/json-path/4.4.0/json-path-4.4.0.jar:/home/jufaerma/.m2/repository/org/codehaus/groovy/groovy-json/3.0.8/groovy-json-3.0.8.jar:/home/jufaerma/.m2/repository/io/rest-assured/rest-assured-common/4.4.0/rest-assured-common-4.4.0.jar:/home/jufaerma/.m2/repository/io/rest-assured/xml-path/4.4.0/xml-path-4.4.0.jar:/home/jufaerma/.m2/repository/org/apache/commons/commons-lang3/3.12.0/commons-lang3-3.12.0.jar:/home/jufaerma/.m2/repository/jakarta/xml/bind/jakarta.xml.bind-api/2.3.3/jakarta.xml.bind-api-2.3.3.jar:/home/jufaerma/.m2/repository/com/sun/xml/bind/jaxb-impl/2.3.3/jaxb-impl-2.3.3.jar:/home/jufaerma/.m2/repository/com/fasterxml/jackson/core/jackson-databind/2.13.1/jackson-databind-2.13.1.jar:/home/jufaerma/.m2/repository/com/fasterxml/jackson/core/jackson-annotations/2.13.1/jackson-annotations-2.13.1.jar:/home/jufaerma/.m2/repository/com/fasterxml/jackson/core/jackson-core/2.13.1/jackson-core-2.13.1.jar:/home/jufaerma/.m2/repository/software/amazon/awssdk/sts/2.17.133/sts-2.17.133.jar:/home/jufaerma/.m2/repository/software/amazon/awssdk/aws-query-protocol/2.17.133/aws-query-protocol-2.17.133.jar:/home/jufaerma/.m2/repository/software/amazon/awssdk/protocol-core/2.17.133/protocol-core-2.17.133.jar:/home/jufaerma/.m2/repository/software/amazon/awssdk/profiles/2.17.133/profiles-2.17.133.jar:/home/jufaerma/.m2/repository/software/amazon/awssdk/sdk-core/2.17.133/sdk-core-2.17.133.jar:/home/jufaerma/.m2/repository/org/reactivestreams/reactive-streams/1.0.3/reactive-streams-1.0.3.jar:/home/jufaerma/.m2/repository/software/amazon/awssdk/auth/2.17.133/auth-2.17.133.jar:/home/jufaerma/.m2/repository/software/amazon/awssdk/json-utils/2.17.133/json-utils-2.17.133.jar:/home/jufaerma/.m2/repository/software/amazon/eventstream/eventstream/1.0.1/eventstream-1.0.1.jar:/home/jufaerma/.m2/repository/software/amazon/awssdk/http-client-spi/2.17.133/http-client-spi-2.17.133.jar:/home/jufaerma/.m2/repository/software/amazon/awssdk/regions/2.17.133/regions-2.17.133.jar:/home/jufaerma/.m2/repository/software/amazon/awssdk/annotations/2.17.133/annotations-2.17.133.jar:/home/jufaerma/.m2/repository/software/amazon/awssdk/utils/2.17.133/utils-2.17.133.jar:/home/jufaerma/.m2/repository/software/amazon/awssdk/aws-core/2.17.133/aws-core-2.17.133.jar:/home/jufaerma/.m2/repository/software/amazon/awssdk/metrics-spi/2.17.133/metrics-spi-2.17.133.jar:/home/jufaerma/.m2/repository/software/amazon/awssdk/apache-client/2.17.133/apache-client-2.17.133.jar:/home/jufaerma/.m2/repository/software/amazon/awssdk/netty-nio-client/2.17.133/netty-nio-client-2.17.133.jar:/home/jufaerma/.m2/repository/io/netty/netty-codec-http/4.1.74.Final/netty-codec-http-4.1.74.Final.jar:/home/jufaerma/.m2/repository/io/netty/netty-codec-http2/4.1.74.Final/netty-codec-http2-4.1.74.Final.jar:/home/jufaerma/.m2/repository/io/netty/netty-codec/4.1.74.Final/netty-codec-4.1.74.Final.jar:/home/jufaerma/.m2/repository/io/netty/netty-transport/4.1.74.Final/netty-transport-4.1.74.Final.jar:/home/jufaerma/.m2/repository/io/netty/netty-resolver/4.1.74.Final/netty-resolver-4.1.74.Final.jar:/home/jufaerma/.m2/repository/io/netty/netty-common/4.1.74.Final/netty-common-4.1.74.Final.jar:/home/jufaerma/.m2/repository/io/netty/netty-buffer/4.1.74.Final/netty-buffer-4.1.74.Final.jar:/home/jufaerma/.m2/repository/io/netty/netty-handler/4.1.74.Final/netty-handler-4.1.74.Final.jar:/home/jufaerma/.m2/repository/io/netty/netty-tcnative-classes/2.0.48.Final/netty-tcnative-classes-2.0.48.Final.jar:/home/jufaerma/.m2/repository/io/netty/netty-transport-classes-epoll/4.1.74.Final/netty-transport-classes-epoll-4.1.74.Final.jar:/home/jufaerma/.m2/repository/io/netty/netty-transport-native-unix-common/4.1.74.Final/netty-transport-native-unix-common-4.1.74.Final.jar:/home/jufaerma/.m2/repository/com/typesafe/netty/netty-reactive-streams-http/2.0.5/netty-reactive-streams-http-2.0.5.jar:/home/jufaerma/.m2/repository/com/typesafe/netty/netty-reactive-streams/2.0.5/netty-reactive-streams-2.0.5.jar:/home/jufaerma/.m2/repository/software/amazon/awssdk/ec2/2.17.133/ec2-2.17.133.jar:/home/jufaerma/.m2/repository/software/amazon/awssdk/s3/2.17.133/s3-2.17.133.jar:/home/jufaerma/.m2/repository/software/amazon/awssdk/aws-xml-protocol/2.17.133/aws-xml-protocol-2.17.133.jar:/home/jufaerma/.m2/repository/software/amazon/awssdk/arns/2.17.133/arns-2.17.133.jar:/home/jufaerma/.m2/repository/software/amazon/awssdk/elasticloadbalancingv2/2.17.133/elasticloadbalancingv2-2.17.133.jar:/home/jufaerma/.m2/repository/software/amazon/awssdk/elasticloadbalancing/2.17.133/elasticloadbalancing-2.17.133.jar:/home/jufaerma/.m2/repository/software/amazon/awssdk/route53/2.17.133/route53-2.17.133.jar:/home/jufaerma/.m2/repository/software/amazon/awssdk/s3-transfer-manager/2.17.123-PREVIEW/s3-transfer-manager-2.17.123-PREVIEW.jar:/home/jufaerma/.m2/repository/software/amazon/awssdk/crt/aws-crt/0.15.15/aws-crt-0.15.15.jar:/home/jufaerma/.m2/repository/software/amazon/awssdk/cloudtrail/2.17.133/cloudtrail-2.17.133.jar:/home/jufaerma/.m2/repository/software/amazon/awssdk/aws-json-protocol/2.17.133/aws-json-protocol-2.17.133.jar:/home/jufaerma/.m2/repository/software/amazon/awssdk/third-party-jackson-core/2.17.133/third-party-jackson-core-2.17.133.jar:/home/jufaerma/.m2/repository/software/amazon/awssdk/url-connection-client/2.17.133/url-connection-client-2.17.133.jar:/home/jufaerma/.m2/repository/org/apache/commons/commons-csv/1.9.0/commons-csv-1.9.0.jar:"/>
    <property name="java.vm.vendor" value="GraalVM Community"/>
    <property name="sun.arch.data.model" value="64"/>
    <property name="java.vendor.url" value="https://www.graalvm.org/"/>
    <property name="user.timezone" value="Europe/Madrid"/>
    <property name="os.name" value="Linux"/>
    <property name="java.vm.specification.version" value="17"/>
    <property name="sun.java.launcher" value="SUN_STANDARD"/>
    <property name="user.country" value="US"/>
    <property name="sun.boot.library.path" value="/home/jufaerma/code/sdkman/candidates/java/22.0.0.2.r17-grl/lib"/>
    <property name="sun.java.command" value="/home/jufaerma/code/task-tree/target/surefire/surefirebooter1040329047400029188.jar /home/jufaerma/code/task-tree/target/surefire 2022-03-21T19-00-55_494-jvmRun1 surefire12692709956400349722tmp surefire_08147206949393495598tmp"/>
    <property name="maven.home" value="/home/jufaerma/.sdkman/candidates/maven/current"/>
    <property name="jdk.debug" value="release"/>
    <property name="surefire.test.class.path" value="/home/jufaerma/code/task-tree/target/test-classes:/home/jufaerma/code/task-tree/target/classes:/home/jufaerma/.m2/repository/io/quarkus/quarkus-arc/2.7.2.Final/quarkus-arc-2.7.2.Final.jar:/home/jufaerma/.m2/repository/io/quarkus/arc/arc/2.7.2.Final/arc-2.7.2.Final.jar:/home/jufaerma/.m2/repository/jakarta/enterprise/jakarta.enterprise.cdi-api/2.0.2/jakarta.enterprise.cdi-api-2.0.2.jar:/home/jufaerma/.m2/repository/jakarta/el/jakarta.el-api/3.0.3/jakarta.el-api-3.0.3.jar:/home/jufaerma/.m2/repository/jakarta/interceptor/jakarta.interceptor-api/1.2.5/jakarta.interceptor-api-1.2.5.jar:/home/jufaerma/.m2/repository/jakarta/annotation/jakarta.annotation-api/1.3.5/jakarta.annotation-api-1.3.5.jar:/home/jufaerma/.m2/repository/jakarta/transaction/jakarta.transaction-api/1.3.3/jakarta.transaction-api-1.3.3.jar:/home/jufaerma/.m2/repository/org/jboss/logging/jboss-logging/3.4.3.Final/jboss-logging-3.4.3.Final.jar:/home/jufaerma/.m2/repository/io/quarkus/quarkus-core/2.7.2.Final/quarkus-core-2.7.2.Final.jar:/home/jufaerma/.m2/repository/jakarta/inject/jakarta.inject-api/1.0/jakarta.inject-api-1.0.jar:/home/jufaerma/.m2/repository/io/quarkus/quarkus-ide-launcher/2.7.2.Final/quarkus-ide-launcher-2.7.2.Final.jar:/home/jufaerma/.m2/repository/io/quarkus/quarkus-development-mode-spi/2.7.2.Final/quarkus-development-mode-spi-2.7.2.Final.jar:/home/jufaerma/.m2/repository/io/smallrye/config/smallrye-config/2.9.0/smallrye-config-2.9.0.jar:/home/jufaerma/.m2/repository/io/smallrye/config/smallrye-config-core/2.9.0/smallrye-config-core-2.9.0.jar:/home/jufaerma/.m2/repository/io/smallrye/common/smallrye-common-annotation/1.10.0/smallrye-common-annotation-1.10.0.jar:/home/jufaerma/.m2/repository/io/smallrye/common/smallrye-common-expression/1.10.0/smallrye-common-expression-1.10.0.jar:/home/jufaerma/.m2/repository/io/smallrye/common/smallrye-common-function/1.10.0/smallrye-common-function-1.10.0.jar:/home/jufaerma/.m2/repository/org/jboss/logmanager/jboss-logmanager-embedded/1.0.9/jboss-logmanager-embedded-1.0.9.jar:/home/jufaerma/.m2/repository/org/jboss/logging/jboss-logging-annotations/2.2.1.Final/jboss-logging-annotations-2.2.1.Final.jar:/home/jufaerma/.m2/repository/org/jboss/threads/jboss-threads/3.4.2.Final/jboss-threads-3.4.2.Final.jar:/home/jufaerma/.m2/repository/org/slf4j/slf4j-api/1.7.33/slf4j-api-1.7.33.jar:/home/jufaerma/.m2/repository/org/jboss/slf4j/slf4j-jboss-logmanager/1.1.0.Final/slf4j-jboss-logmanager-1.1.0.Final.jar:/home/jufaerma/.m2/repository/org/graalvm/sdk/graal-sdk/21.3.1/graal-sdk-21.3.1.jar:/home/jufaerma/.m2/repository/org/wildfly/common/wildfly-common/1.5.4.Final-format-001/wildfly-common-1.5.4.Final-format-001.jar:/home/jufaerma/.m2/repository/io/quarkus/quarkus-bootstrap-runner/2.7.2.Final/quarkus-bootstrap-runner-2.7.2.Final.jar:/home/jufaerma/.m2/repository/io/quarkus/quarkus-fs-util/0.0.9/quarkus-fs-util-0.0.9.jar:/home/jufaerma/.m2/repository/org/eclipse/microprofile/context-propagation/microprofile-context-propagation-api/1.2/microprofile-context-propagation-api-1.2.jar:/home/jufaerma/.m2/repository/io/quarkus/quarkus-config-yaml/2.7.2.Final/quarkus-config-yaml-2.7.2.Final.jar:/home/jufaerma/.m2/repository/io/smallrye/config/smallrye-config-source-yaml/2.9.0/smallrye-config-source-yaml-2.9.0.jar:/home/jufaerma/.m2/repository/org/yaml/snakeyaml/1.30/snakeyaml-1.30.jar:/home/jufaerma/.m2/repository/io/smallrye/config/smallrye-config-common/2.9.0/smallrye-config-common-2.9.0.jar:/home/jufaerma/.m2/repository/io/smallrye/common/smallrye-common-classloader/1.10.0/smallrye-common-classloader-1.10.0.jar:/home/jufaerma/.m2/repository/io/smallrye/common/smallrye-common-constraint/1.10.0/smallrye-common-constraint-1.10.0.jar:/home/jufaerma/.m2/repository/org/eclipse/microprofile/config/microprofile-config-api/2.0/microprofile-config-api-2.0.jar:/home/jufaerma/.m2/repository/io/quarkus/quarkus-junit5/2.7.2.Final/quarkus-junit5-2.7.2.Final.jar:/home/jufaerma/.m2/repository/io/quarkus/quarkus-bootstrap-core/2.7.2.Final/quarkus-bootstrap-core-2.7.2.Final.jar:/home/jufaerma/.m2/repository/io/quarkus/quarkus-bootstrap-app-model/2.7.2.Final/quarkus-bootstrap-app-model-2.7.2.Final.jar:/home/jufaerma/.m2/repository/io/quarkus/quarkus-bootstrap-maven-resolver/2.7.2.Final/quarkus-bootstrap-maven-resolver-2.7.2.Final.jar:/home/jufaerma/.m2/repository/org/apache/maven/maven-embedder/3.8.4/maven-embedder-3.8.4.jar:/home/jufaerma/.m2/repository/org/apache/maven/maven-settings/3.8.4/maven-settings-3.8.4.jar:/home/jufaerma/.m2/repository/org/apache/maven/maven-core/3.8.4/maven-core-3.8.4.jar:/home/jufaerma/.m2/repository/org/apache/maven/maven-artifact/3.8.4/maven-artifact-3.8.4.jar:/home/jufaerma/.m2/repository/org/codehaus/plexus/plexus-component-annotations/2.1.0/plexus-component-annotations-2.1.0.jar:/home/jufaerma/.m2/repository/org/apache/maven/maven-plugin-api/3.8.4/maven-plugin-api-3.8.4.jar:/home/jufaerma/.m2/repository/org/apache/maven/maven-model/3.8.4/maven-model-3.8.4.jar:/home/jufaerma/.m2/repository/org/apache/maven/maven-model-builder/3.8.4/maven-model-builder-3.8.4.jar:/home/jufaerma/.m2/repository/org/apache/maven/maven-builder-support/3.8.4/maven-builder-support-3.8.4.jar:/home/jufaerma/.m2/repository/org/apache/maven/resolver/maven-resolver-api/1.6.3/maven-resolver-api-1.6.3.jar:/home/jufaerma/.m2/repository/org/apache/maven/resolver/maven-resolver-util/1.6.3/maven-resolver-util-1.6.3.jar:/home/jufaerma/.m2/repository/org/apache/maven/shared/maven-shared-utils/3.3.4/maven-shared-utils-3.3.4.jar:/home/jufaerma/.m2/repository/commons-io/commons-io/2.11.0/commons-io-2.11.0.jar:/home/jufaerma/.m2/repository/com/google/inject/guice/4.2.2/guice-4.2.2-no_aop.jar:/home/jufaerma/.m2/repository/com/google/guava/guava/30.1.1-jre/guava-30.1.1-jre.jar:/home/jufaerma/.m2/repository/com/google/guava/failureaccess/1.0.1/failureaccess-1.0.1.jar:/home/jufaerma/.m2/repository/org/codehaus/plexus/plexus-classworlds/2.6.0/plexus-classworlds-2.6.0.jar:/home/jufaerma/.m2/repository/org/codehaus/plexus/plexus-sec-dispatcher/2.0/plexus-sec-dispatcher-2.0.jar:/home/jufaerma/.m2/repository/org/codehaus/plexus/plexus-cipher/2.0/plexus-cipher-2.0.jar:/home/jufaerma/.m2/repository/commons-cli/commons-cli/1.4/commons-cli-1.4.jar:/home/jufaerma/.m2/repository/org/eclipse/sisu/org.eclipse.sisu.plexus/0.3.5/org.eclipse.sisu.plexus-0.3.5.jar:/home/jufaerma/.m2/repository/org/apache/maven/maven-settings-builder/3.8.4/maven-settings-builder-3.8.4.jar:/home/jufaerma/.m2/repository/org/codehaus/plexus/plexus-interpolation/1.26/plexus-interpolation-1.26.jar:/home/jufaerma/.m2/repository/org/apache/maven/maven-resolver-provider/3.8.4/maven-resolver-provider-3.8.4.jar:/home/jufaerma/.m2/repository/org/apache/maven/maven-repository-metadata/3.8.4/maven-repository-metadata-3.8.4.jar:/home/jufaerma/.m2/repository/org/apache/maven/resolver/maven-resolver-spi/1.6.3/maven-resolver-spi-1.6.3.jar:/home/jufaerma/.m2/repository/org/apache/maven/resolver/maven-resolver-impl/1.6.3/maven-resolver-impl-1.6.3.jar:/home/jufaerma/.m2/repository/org/codehaus/plexus/plexus-utils/3.3.0/plexus-utils-3.3.0.jar:/home/jufaerma/.m2/repository/org/apache/maven/resolver/maven-resolver-connector-basic/1.6.3/maven-resolver-connector-basic-1.6.3.jar:/home/jufaerma/.m2/repository/org/apache/maven/resolver/maven-resolver-transport-wagon/1.6.3/maven-resolver-transport-wagon-1.6.3.jar:/home/jufaerma/.m2/repository/org/apache/maven/wagon/wagon-http/3.4.3/wagon-http-3.4.3.jar:/home/jufaerma/.m2/repository/org/apache/maven/wagon/wagon-http-shared/3.4.3/wagon-http-shared-3.4.3.jar:/home/jufaerma/.m2/repository/org/jsoup/jsoup/1.14.2/jsoup-1.14.2.jar:/home/jufaerma/.m2/repository/org/apache/maven/wagon/wagon-provider-api/3.4.3/wagon-provider-api-3.4.3.jar:/home/jufaerma/.m2/repository/org/apache/maven/wagon/wagon-file/3.4.3/wagon-file-3.4.3.jar:/home/jufaerma/.m2/repository/io/quarkus/quarkus-bootstrap-gradle-resolver/2.7.2.Final/quarkus-bootstrap-gradle-resolver-2.7.2.Final.jar:/home/jufaerma/.m2/repository/io/smallrye/common/smallrye-common-io/1.10.0/smallrye-common-io-1.10.0.jar:/home/jufaerma/.m2/repository/org/eclipse/sisu/org.eclipse.sisu.inject/0.3.5/org.eclipse.sisu.inject-0.3.5.jar:/home/jufaerma/.m2/repository/io/quarkus/quarkus-test-common/2.7.2.Final/quarkus-test-common-2.7.2.Final.jar:/home/jufaerma/.m2/repository/io/quarkus/quarkus-core-deployment/2.7.2.Final/quarkus-core-deployment-2.7.2.Final.jar:/home/jufaerma/.m2/repository/org/aesh/readline/2.2/readline-2.2.jar:/home/jufaerma/.m2/repository/org/fusesource/jansi/jansi/1.18/jansi-1.18.jar:/home/jufaerma/.m2/repository/org/aesh/aesh/2.6/aesh-2.6.jar:/home/jufaerma/.m2/repository/io/quarkus/gizmo/gizmo/1.0.10.Final/gizmo-1.0.10.Final.jar:/home/jufaerma/.m2/repository/org/ow2/asm/asm-util/9.2/asm-util-9.2.jar:/home/jufaerma/.m2/repository/org/ow2/asm/asm/9.2/asm-9.2.jar:/home/jufaerma/.m2/repository/org/ow2/asm/asm-commons/9.2/asm-commons-9.2.jar:/home/jufaerma/.m2/repository/org/ow2/asm/asm-tree/9.2/asm-tree-9.2.jar:/home/jufaerma/.m2/repository/org/ow2/asm/asm-analysis/9.2/asm-analysis-9.2.jar:/home/jufaerma/.m2/repository/io/quarkus/quarkus-class-change-agent/2.7.2.Final/quarkus-class-change-agent-2.7.2.Final.jar:/home/jufaerma/.m2/repository/io/quarkus/quarkus-devtools-utilities/2.7.2.Final/quarkus-devtools-utilities-2.7.2.Final.jar:/home/jufaerma/.m2/repository/io/quarkus/quarkus-builder/2.7.2.Final/quarkus-builder-2.7.2.Final.jar:/home/jufaerma/.m2/repository/org/junit/platform/junit-platform-launcher/1.8.2/junit-platform-launcher-1.8.2.jar:/home/jufaerma/.m2/repository/io/quarkus/quarkus-jsonp-deployment/2.7.2.Final/quarkus-jsonp-deployment-2.7.2.Final.jar:/home/jufaerma/.m2/repository/io/quarkus/quarkus-jsonp/2.7.2.Final/quarkus-jsonp-2.7.2.Final.jar:/home/jufaerma/.m2/repository/org/glassfish/jakarta.json/1.1.6/jakarta.json-1.1.6.jar:/home/jufaerma/.m2/repository/org/jboss/jandex/2.4.2.Final/jandex-2.4.2.Final.jar:/home/jufaerma/.m2/repository/org/jboss/logging/commons-logging-jboss-logging/1.0.0.Final/commons-logging-jboss-logging-1.0.0.Final.jar:/home/jufaerma/.m2/repository/io/quarkus/quarkus-junit5-properties/2.7.2.Final/quarkus-junit5-properties-2.7.2.Final.jar:/home/jufaerma/.m2/repository/org/junit/jupiter/junit-jupiter/5.8.2/junit-jupiter-5.8.2.jar:/home/jufaerma/.m2/repository/org/junit/jupiter/junit-jupiter-api/5.8.2/junit-jupiter-api-5.8.2.jar:/home/jufaerma/.m2/repository/org/opentest4j/opentest4j/1.2.0/opentest4j-1.2.0.jar:/home/jufaerma/.m2/repository/org/junit/platform/junit-platform-commons/1.8.2/junit-platform-commons-1.8.2.jar:/home/jufaerma/.m2/repository/org/apiguardian/apiguardian-api/1.1.2/apiguardian-api-1.1.2.jar:/home/jufaerma/.m2/repository/org/junit/jupiter/junit-jupiter-params/5.8.2/junit-jupiter-params-5.8.2.jar:/home/jufaerma/.m2/repository/org/junit/jupiter/junit-jupiter-engine/5.8.2/junit-jupiter-engine-5.8.2.jar:/home/jufaerma/.m2/repository/org/junit/platform/junit-platform-engine/1.8.2/junit-platform-engine-1.8.2.jar:/home/jufaerma/.m2/repository/com/thoughtworks/xstream/xstream/1.4.19/xstream-1.4.19.jar:/home/jufaerma/.m2/repository/io/github/x-stream/mxparser/1.2.2/mxparser-1.2.2.jar:/home/jufaerma/.m2/repository/xmlpull/xmlpull/1.1.3.1/xmlpull-1.1.3.1.jar:/home/jufaerma/.m2/repository/io/rest-assured/rest-assured/4.4.0/rest-assured-4.4.0.jar:/home/jufaerma/.m2/repository/org/codehaus/groovy/groovy/3.0.8/groovy-3.0.8.jar:/home/jufaerma/.m2/repository/org/codehaus/groovy/groovy-xml/3.0.8/groovy-xml-3.0.8.jar:/home/jufaerma/.m2/repository/org/apache/httpcomponents/httpclient/4.5.13/httpclient-4.5.13.jar:/home/jufaerma/.m2/repository/org/apache/httpcomponents/httpcore/4.4.15/httpcore-4.4.15.jar:/home/jufaerma/.m2/repository/commons-codec/commons-codec/1.15/commons-codec-1.15.jar:/home/jufaerma/.m2/repository/org/apache/httpcomponents/httpmime/4.5.13/httpmime-4.5.13.jar:/home/jufaerma/.m2/repository/org/hamcrest/hamcrest/2.1/hamcrest-2.1.jar:/home/jufaerma/.m2/repository/org/ccil/cowan/tagsoup/tagsoup/1.2.1/tagsoup-1.2.1.jar:/home/jufaerma/.m2/repository/io/rest-assured/json-path/4.4.0/json-path-4.4.0.jar:/home/jufaerma/.m2/repository/org/codehaus/groovy/groovy-json/3.0.8/groovy-json-3.0.8.jar:/home/jufaerma/.m2/repository/io/rest-assured/rest-assured-common/4.4.0/rest-assured-common-4.4.0.jar:/home/jufaerma/.m2/repository/io/rest-assured/xml-path/4.4.0/xml-path-4.4.0.jar:/home/jufaerma/.m2/repository/org/apache/commons/commons-lang3/3.12.0/commons-lang3-3.12.0.jar:/home/jufaerma/.m2/repository/jakarta/xml/bind/jakarta.xml.bind-api/2.3.3/jakarta.xml.bind-api-2.3.3.jar:/home/jufaerma/.m2/repository/com/sun/xml/bind/jaxb-impl/2.3.3/jaxb-impl-2.3.3.jar:/home/jufaerma/.m2/repository/com/fasterxml/jackson/core/jackson-databind/2.13.1/jackson-databind-2.13.1.jar:/home/jufaerma/.m2/repository/com/fasterxml/jackson/core/jackson-annotations/2.13.1/jackson-annotations-2.13.1.jar:/home/jufaerma/.m2/repository/com/fasterxml/jackson/core/jackson-core/2.13.1/jackson-core-2.13.1.jar:/home/jufaerma/.m2/repository/software/amazon/awssdk/sts/2.17.133/sts-2.17.133.jar:/home/jufaerma/.m2/repository/software/amazon/awssdk/aws-query-protocol/2.17.133/aws-query-protocol-2.17.133.jar:/home/jufaerma/.m2/repository/software/amazon/awssdk/protocol-core/2.17.133/protocol-core-2.17.133.jar:/home/jufaerma/.m2/repository/software/amazon/awssdk/profiles/2.17.133/profiles-2.17.133.jar:/home/jufaerma/.m2/repository/software/amazon/awssdk/sdk-core/2.17.133/sdk-core-2.17.133.jar:/home/jufaerma/.m2/repository/org/reactivestreams/reactive-streams/1.0.3/reactive-streams-1.0.3.jar:/home/jufaerma/.m2/repository/software/amazon/awssdk/auth/2.17.133/auth-2.17.133.jar:/home/jufaerma/.m2/repository/software/amazon/awssdk/json-utils/2.17.133/json-utils-2.17.133.jar:/home/jufaerma/.m2/repository/software/amazon/eventstream/eventstream/1.0.1/eventstream-1.0.1.jar:/home/jufaerma/.m2/repository/software/amazon/awssdk/http-client-spi/2.17.133/http-client-spi-2.17.133.jar:/home/jufaerma/.m2/repository/software/amazon/awssdk/regions/2.17.133/regions-2.17.133.jar:/home/jufaerma/.m2/repository/software/amazon/awssdk/annotations/2.17.133/annotations-2.17.133.jar:/home/jufaerma/.m2/repository/software/amazon/awssdk/utils/2.17.133/utils-2.17.133.jar:/home/jufaerma/.m2/repository/software/amazon/awssdk/aws-core/2.17.133/aws-core-2.17.133.jar:/home/jufaerma/.m2/repository/software/amazon/awssdk/metrics-spi/2.17.133/metrics-spi-2.17.133.jar:/home/jufaerma/.m2/repository/software/amazon/awssdk/apache-client/2.17.133/apache-client-2.17.133.jar:/home/jufaerma/.m2/repository/software/amazon/awssdk/netty-nio-client/2.17.133/netty-nio-client-2.17.133.jar:/home/jufaerma/.m2/repository/io/netty/netty-codec-http/4.1.74.Final/netty-codec-http-4.1.74.Final.jar:/home/jufaerma/.m2/repository/io/netty/netty-codec-http2/4.1.74.Final/netty-codec-http2-4.1.74.Final.jar:/home/jufaerma/.m2/repository/io/netty/netty-codec/4.1.74.Final/netty-codec-4.1.74.Final.jar:/home/jufaerma/.m2/repository/io/netty/netty-transport/4.1.74.Final/netty-transport-4.1.74.Final.jar:/home/jufaerma/.m2/repository/io/netty/netty-resolver/4.1.74.Final/netty-resolver-4.1.74.Final.jar:/home/jufaerma/.m2/repository/io/netty/netty-common/4.1.74.Final/netty-common-4.1.74.Final.jar:/home/jufaerma/.m2/repository/io/netty/netty-buffer/4.1.74.Final/netty-buffer-4.1.74.Final.jar:/home/jufaerma/.m2/repository/io/netty/netty-handler/4.1.74.Final/netty-handler-4.1.74.Final.jar:/home/jufaerma/.m2/repository/io/netty/netty-tcnative-classes/2.0.48.Final/netty-tcnative-classes-2.0.48.Final.jar:/home/jufaerma/.m2/repository/io/netty/netty-transport-classes-epoll/4.1.74.Final/netty-transport-classes-epoll-4.1.74.Final.jar:/home/jufaerma/.m2/repository/io/netty/netty-transport-native-unix-common/4.1.74.Final/netty-transport-native-unix-common-4.1.74.Final.jar:/home/jufaerma/.m2/repository/com/typesafe/netty/netty-reactive-streams-http/2.0.5/netty-reactive-streams-http-2.0.5.jar:/home/jufaerma/.m2/repository/com/typesafe/netty/netty-reactive-streams/2.0.5/netty-reactive-streams-2.0.5.jar:/home/jufaerma/.m2/repository/software/amazon/awssdk/ec2/2.17.133/ec2-2.17.133.jar:/home/jufaerma/.m2/repository/software/amazon/awssdk/s3/2.17.133/s3-2.17.133.jar:/home/jufaerma/.m2/repository/software/amazon/awssdk/aws-xml-protocol/2.17.133/aws-xml-protocol-2.17.133.jar:/home/jufaerma/.m2/repository/software/amazon/awssdk/arns/2.17.133/arns-2.17.133.jar:/home/jufaerma/.m2/repository/software/amazon/awssdk/elasticloadbalancingv2/2.17.133/elasticloadbalancingv2-2.17.133.jar:/home/jufaerma/.m2/repository/software/amazon/awssdk/elasticloadbalancing/2.17.133/elasticloadbalancing-2.17.133.jar:/home/jufaerma/.m2/repository/software/amazon/awssdk/route53/2.17.133/route53-2.17.133.jar:/home/jufaerma/.m2/repository/software/amazon/awssdk/s3-transfer-manager/2.17.123-PREVIEW/s3-transfer-manager-2.17.123-PREVIEW.jar:/home/jufaerma/.m2/repository/software/amazon/awssdk/crt/aws-crt/0.15.15/aws-crt-0.15.15.jar:/home/jufaerma/.m2/repository/software/amazon/awssdk/cloudtrail/2.17.133/cloudtrail-2.17.133.jar:/home/jufaerma/.m2/repository/software/amazon/awssdk/aws-json-protocol/2.17.133/aws-json-protocol-2.17.133.jar:/home/jufaerma/.m2/repository/software/amazon/awssdk/third-party-jackson-core/2.17.133/third-party-jackson-core-2.17.133.jar:/home/jufaerma/.m2/repository/software/amazon/awssdk/url-connection-client/2.17.133/url-connection-client-2.17.133.jar:/home/jufaerma/.m2/repository/org/apache/commons/commons-csv/1.9.0/commons-csv-1.9.0.jar:"/>
    <property name="sun.cpu.endian" value="little"/>
    <property name="user.home" value="/home/jufaerma"/>
    <property name="user.language" value="en"/>
    <property name="java.specification.vendor" value="Oracle Corporation"/>
    <property name="java.version.date" value="2022-01-18"/>
    <property name="java.home" value="/home/jufaerma/code/sdkman/candidates/java/22.0.0.2.r17-grl"/>
    <property name="file.separator" value="/"/>
    <property name="basedir" value="/home/jufaerma/code/task-tree"/>
    <property name="java.vm.compressedOopsMode" value="Zero based"/>
    <property name="jdk.internal.vm.ci.enabled" value="true"/>
    <property name="line.separator" value="&#10;"/>
    <property name="java.vm.specification.vendor" value="Oracle Corporation"/>
    <property name="java.specification.name" value="Java Platform API Specification"/>
    <property name="software.amazon.awssdk.http.service.impl" value="software.amazon.awssdk.http.urlconnection.UrlConnectionSdkHttpService"/>
    <property name="surefire.real.class.path" value="/home/jufaerma/code/task-tree/target/surefire/surefirebooter1040329047400029188.jar"/>
    <property name="sun.management.compiler" value="HotSpot 64-Bit Tiered Compilers"/>
    <property name="java.runtime.version" value="17.0.2+8-jvmci-22.0-b05"/>
    <property name="user.name" value="jufaerma"/>
    <property name="path.separator" value=":"/>
    <property name="os.version" value="4.18.0-348.12.2.el8_5.x86_64"/>
    <property name="java.runtime.name" value="OpenJDK Runtime Environment"/>
    <property name="file.encoding" value="UTF-8"/>
    <property name="java.vm.name" value="OpenJDK 64-Bit Server VM"/>
    <property name="java.vendor.version" value="GraalVM CE 22.0.0.2"/>
    <property name="localRepository" value="/home/jufaerma/.m2/repository"/>
    <property name="java.vendor.url.bug" value="https://github.com/oracle/graal/issues"/>
    <property name="java.io.tmpdir" value="/tmp"/>
    <property name="quarkus.log.file.path" value="target/quarkus.log"/>
    <property name="java.version" value="17.0.2"/>
    <property name="java.util.concurrent.ForkJoinPool.common.threadFactory" value="io.quarkus.bootstrap.forkjoin.QuarkusForkJoinWorkerThreadFactory"/>
    <property name="user.dir" value="/home/jufaerma/code/task-tree"/>
    <property name="os.arch" value="amd64"/>
    <property name="java.vm.specification.name" value="Java Virtual Machine Specification"/>
    <property name="native.encoding" value="UTF-8"/>
    <property name="java.util.logging.manager" value="org.jboss.logmanager.LogManager"/>
    <property name="java.library.path" value="/usr/java/packages/lib:/usr/lib64:/lib64:/lib:/usr/lib"/>
    <property name="java.vm.info" value="mixed mode, sharing"/>
    <property name="java.vendor" value="GraalVM Community"/>
    <property name="java.vm.version" value="17.0.2+8-jvmci-22.0-b05"/>
    <property name="sun.io.unicode.encoding" value="UnicodeLittle"/>
    <property name="java.class.version" value="61.0"/>
  </properties>
  <testcase name="testCaseA" classname="tasktree.spi.TaskTest" time="1.306">
    <system-out><![CDATA[2022-03-21 19:01:00 INFO JBoss Threads version 3.4.2.Final
]]></system-out>
  </testcase>
</testsuite>